<?xml version="1.0" encoding="UTF-8"?>
<testsuite xmlns:xsi="http://www.w3.org/2001/XMLSchema-instance" xsi:noNamespaceSchemaLocation="https://maven.apache.org/surefire/maven-surefire-plugin/xsd/surefire-test-report-3.0.xsd" version="3.0" name="TestSuite" time="25.708" tests="16" errors="0" skipped="14" failures="1">
  <properties>
[...]
</properties>
  <testcase name="ToolsQA" classname="SeleniumTestSuit.NewSeleniumTest.URLTest" time="22.994">
    <system-out><![CDATA[Browser initialization
Driver: ChromeDriver: chrome on WINDOWS (3713b11c81b10dbfae93cf19402b743f)
driver.getTitle: Tools QA
Element found: 0
]]></system-out>
    <system-err><![CDATA[Starting ChromeDriver 114.0.5735.90 (386bc09e8f4f2e025eddae123f36f6263096ae49-refs/branch-heads/5735@{#1052}) on port 44919
Only local connections are allowed.
Please see https://chromedriver.chromium.org/security-considerations for suggestions on keeping ChromeDriver safe.
ChromeDriver was started successfully.
Jul 15, 2023 4:42:03 PM org.openqa.selenium.remote.ProtocolHandshake createSession
INFO: Detected dialect: W3C
]]></system-err>
  </testcase>
  <testcase name="tearDown[[TestResult name=ToolsQA status=SUCCESS method=URLTest.ToolsQA()[pri:0, instance:SeleniumTestSuit.NewSeleniumTest.URLTest@5b408dc3] output={null}]](0)" classname="SeleniumTestSuit.NewSeleniumTest.URLTest" time="23.2">
    <failure message="Session ID is null. Using WebDriver after calling quit()?&#10;Build info: version: &apos;3.14.0&apos;, revision: &apos;aacccce0&apos;, time: &apos;2018-08-02T20:19:58.91Z&apos;&#10;System info: host: &apos;DESKTOP-3MREL07&apos;, ip: &apos;192.168.1.9&apos;, os.name: &apos;Windows 11&apos;, os.arch: &apos;amd64&apos;, os.version: &apos;10.0&apos;, java.version: &apos;17.0.4.1&apos;&#10;Driver info: driver.version: RemoteWebDriver" type="org.openqa.selenium.NoSuchSessionException"><![CDATA[org.openqa.selenium.NoSuchSessionException: 
Session ID is null. Using WebDriver after calling quit()?
Build info: version: '3.14.0', revision: 'aacccce0', time: '2018-08-02T20:19:58.91Z'
System info: host: 'DESKTOP-3MREL07', ip: '192.168.1.9', os.name: 'Windows 11', os.arch: 'amd64', os.version: '10.0', java.version: '17.0.4.1'
Driver info: driver.version: RemoteWebDriver
	at org.openqa.selenium.remote.HttpCommandExecutor.execute(HttpCommandExecutor.java:125)
	at org.openqa.selenium.remote.service.DriverCommandExecutor.execute(DriverCommandExecutor.java:83)
	at org.openqa.selenium.remote.RemoteWebDriver.execute(RemoteWebDriver.java:548)
	at org.openqa.selenium.remote.RemoteWebDriver.execute(RemoteWebDriver.java:605)
	at org.openqa.selenium.remote.RemoteWebDriver.getScreenshotAs(RemoteWebDriver.java:294)
	at utils.Utilities.getScreenshot(Utilities.java:18)
	at SeleniumTestSuit.NewSeleniumTest.URLTest.tearDown(URLTest.java:70)
	at java.base/jdk.internal.reflect.NativeMethodAccessorImpl.invoke0(Native Method)
	at java.base/jdk.internal.reflect.NativeMethodAccessorImpl.invoke(NativeMethodAccessorImpl.java:77)
	at java.base/jdk.internal.reflect.DelegatingMethodAccessorImpl.invoke(DelegatingMethodAccessorImpl.java:43)
	at java.base/java.lang.reflect.Method.invoke(Method.java:568)
	at org.testng.internal.MethodInvocationHelper.invokeMethod(MethodInvocationHelper.java:108)
	at org.testng.internal.Invoker.invokeConfigurationMethod(Invoker.java:523)
	at org.testng.internal.Invoker.invokeConfigurations(Invoker.java:224)
	at org.testng.internal.Invoker.invokeMethod(Invoker.java:723)
	at org.testng.internal.Invoker.invokeTestMethod(Invoker.java:869)
	at org.testng.internal.Invoker.invokeTestMethods(Invoker.java:1193)
	at org.testng.internal.TestMethodWorker.invokeTestMethods(TestMethodWorker.java:126)
	at org.testng.internal.TestMethodWorker.run(TestMethodWorker.java:109)
	at org.testng.TestRunner.privateRun(TestRunner.java:744)
	at org.testng.TestRunner.run(TestRunner.java:602)
	at org.testng.SuiteRunner.runTest(SuiteRunner.java:380)
	at org.testng.SuiteRunner.runSequentially(SuiteRunner.java:375)
	at org.testng.SuiteRunner.privateRun(SuiteRunner.java:340)
	at org.testng.SuiteRunner.run(SuiteRunner.java:289)
	at org.testng.SuiteRunnerWorker.runSuite(SuiteRunnerWorker.java:52)
	at org.testng.SuiteRunnerWorker.run(SuiteRunnerWorker.java:86)
	at org.testng.TestNG.runSuitesSequentially(TestNG.java:1301)
	at org.testng.TestNG.runSuitesLocally(TestNG.java:1226)
	at org.testng.TestNG.runSuites(TestNG.java:1144)
	at org.testng.TestNG.run(TestNG.java:1115)
	at org.apache.maven.surefire.testng.TestNGExecutor.run(TestNGExecutor.java:155)
	at org.apache.maven.surefire.testng.TestNGDirectoryTestSuite.executeMulti(TestNGDirectoryTestSuite.java:169)
	at org.apache.maven.surefire.testng.TestNGDirectoryTestSuite.execute(TestNGDirectoryTestSuite.java:88)
	at org.apache.maven.surefire.testng.TestNGProvider.invoke(TestNGProvider.java:137)
	at org.apache.maven.surefire.booter.ForkedBooter.runSuitesInProcess(ForkedBooter.java:385)
	at org.apache.maven.surefire.booter.ForkedBooter.execute(ForkedBooter.java:162)
	at org.apache.maven.surefire.booter.ForkedBooter.run(ForkedBooter.java:507)
	at org.apache.maven.surefire.booter.ForkedBooter.main(ForkedBooter.java:495)
]]></failure>
    <system-out><![CDATA[BrowserQuit - Driver: ChromeDriver: chrome on WINDOWS (3713b11c81b10dbfae93cf19402b743f)
]]></system-out>
  </testcase>
  <testcase name="browserConfig" classname="SeleniumTestSuit.NewSeleniumTest.URLTest" time="0.0">
    <skipped/>
  </testcase>
  <testcase name="browserConfig" classname="SeleniumTestSuit.NewSeleniumTest.URLTest" time="0.0">
    <skipped/>
  </testcase>
  <testcase name="browserConfig" classname="SeleniumTestSuit.NewSeleniumTest.URLTest" time="0.0">
    <skipped/>
  </testcase>
  <testcase name="browserConfig" classname="SeleniumTestSuit.NewSeleniumTest.URLTest" time="0.0">
    <skipped/>
  </testcase>
  <testcase name="setup" classname="SeleniumTestSuit.NewSeleniumTest.URLTest" time="0.0">
    <skipped/>
  </testcase>
  <testcase name="setup" classname="SeleniumTestSuit.NewSeleniumTest.URLTest" time="0.0">
    <skipped/>
  </testcase>
  <testcase name="setup" classname="SeleniumTestSuit.NewSeleniumTest.URLTest" time="0.0">
    <skipped/>
  </testcase>
  <testcase name="setup" classname="SeleniumTestSuit.NewSeleniumTest.URLTest" time="0.0">
    <skipped/>
  </testcase>
  <testcase name="Yahoo" classname="SeleniumTestSuit.NewSeleniumTest.URLTest" time="0.0">
    <skipped message="Session ID is null. Using WebDriver after calling quit()?&#10;Build info: version: &apos;3.14.0&apos;, revision: &apos;aacccce0&apos;, time: &apos;2018-08-02T20:19:58.91Z&apos;&#10;System info: host: &apos;DESKTOP-3MREL07&apos;, ip: &apos;192.168.1.9&apos;, os.name: &apos;Windows 11&apos;, os.arch: &apos;amd64&apos;, os.version: &apos;10.0&apos;, java.version: &apos;17.0.4.1&apos;&#10;Driver info: driver.version: RemoteWebDriver"/>
  </testcase>
  <testcase name="google" classname="SeleniumTestSuit.NewSeleniumTest.URLTest" time="0.0">
    <skipped message="Session ID is null. Using WebDriver after calling quit()?&#10;Build info: version: &apos;3.14.0&apos;, revision: &apos;aacccce0&apos;, time: &apos;2018-08-02T20:19:58.91Z&apos;&#10;System info: host: &apos;DESKTOP-3MREL07&apos;, ip: &apos;192.168.1.9&apos;, os.name: &apos;Windows 11&apos;, os.arch: &apos;amd64&apos;, os.version: &apos;10.0&apos;, java.version: &apos;17.0.4.1&apos;&#10;Driver info: driver.version: RemoteWebDriver"/>
  </testcase>
  <testcase name="guru99" classname="SeleniumTestSuit.NewSeleniumTest.URLTest" time="0.0">
    <skipped message="Session ID is null. Using WebDriver after calling quit()?&#10;Build info: version: &apos;3.14.0&apos;, revision: &apos;aacccce0&apos;, time: &apos;2018-08-02T20:19:58.91Z&apos;&#10;System info: host: &apos;DESKTOP-3MREL07&apos;, ip: &apos;192.168.1.9&apos;, os.name: &apos;Windows 11&apos;, os.arch: &apos;amd64&apos;, os.version: &apos;10.0&apos;, java.version: &apos;17.0.4.1&apos;&#10;Driver info: driver.version: RemoteWebDriver"/>
  </testcase>
  <testcase name="inCom" classname="SeleniumTestSuit.NewSeleniumTest.URLTest" time="0.0">
    <skipped message="Session ID is null. Using WebDriver after calling quit()?&#10;Build info: version: &apos;3.14.0&apos;, revision: &apos;aacccce0&apos;, time: &apos;2018-08-02T20:19:58.91Z&apos;&#10;System info: host: &apos;DESKTOP-3MREL07&apos;, ip: &apos;192.168.1.9&apos;, os.name: &apos;Windows 11&apos;, os.arch: &apos;amd64&apos;, os.version: &apos;10.0&apos;, java.version: &apos;17.0.4.1&apos;&#10;Driver info: driver.version: RemoteWebDriver"/>
  </testcase>
  <testcase name="endReport" classname="SeleniumTestSuit.NewSeleniumTest.URLTest" time="0.0">
    <skipped/>
  </testcase>
  <testcase name="killChrome" classname="SeleniumTestSuit.NewSeleniumTest.URLTest" time="0.0">
    <skipped/>
  </testcase>
</testsuite>