<?xml version="1.0" encoding="UTF-8"?>
<testng-results ignored="0" total="1" passed="1" failed="0" skipped="0">
  <reporter-output>
  </reporter-output>
  <suite started-at="2023-07-15T02:40:41Z" name="Default suite" finished-at="2023-07-15T02:40:41Z" duration-ms="30">
    <groups>
    </groups>
    <test started-at="2023-07-15T02:40:41Z" name="Default test" finished-at="2023-07-15T02:40:41Z" duration-ms="30">
      <class name="SeleniumTestSuit.NewSeleniumTest.titleValidationTest">
        <test-method is-config="true" signature="setUp()[pri:0, instance:SeleniumTestSuit.NewSeleniumTest.titleValidationTest@20435c40]" started-at="2023-07-15T08:10:41Z" name="setUp" finished-at="2023-07-15T08:10:41Z" duration-ms="8" status="PASS">
          <reporter-output>
          </reporter-output>
        </test-method> <!-- setUp -->
        <test-method signature="helloDear()[pri:0, instance:SeleniumTestSuit.NewSeleniumTest.titleValidationTest@20435c40]" started-at="2023-07-15T08:10:41Z" name="helloDear" finished-at="2023-07-15T08:10:41Z" duration-ms="5" status="PASS">
          <reporter-output>
          </reporter-output>
        </test-method> <!-- helloDear -->
      </class> <!-- SeleniumTestSuit.NewSeleniumTest.titleValidationTest -->
    </test> <!-- Default test -->
  </suite> <!-- Default suite -->
</testng-results>
